This is pdfTeX, Version 3.14159265-2.6-1.40.19 (TeX Live 2018) (preloaded format=pdflatex 2018.10.30)  3 FEB 2019 19:27
entering extended mode
 restricted \write18 enabled.
 file:line:error style messages enabled.
 %&-line parsing enabled.
**/Users/aniketsharma/Projects/resume/re
(/Users/aniketsharma/Projects/resume/re.tex
LaTeX2e <2018-04-01> patch level 2
Babel <3.18> and hyphenation patterns for 22 language(s) loaded.
(./res.cls
Document Style `res' <26 Sep 89>.
Document Class: res 2000/05/19 v1.4b Resume class
(/usr/local/texlive/2018basic/texmf-dist/tex/latex/base/article.cls
Document Class: article 2014/09/29 v1.4h Standard LaTeX document class
(/usr/local/texlive/2018basic/texmf-dist/tex/latex/base/size10.clo
File: size10.clo 2014/09/29 v1.4h Standard LaTeX file (size option)
)
\c@part=\count80
\c@section=\count81
\c@subsection=\count82
\c@subsubsection=\count83
\c@paragraph=\count84
\c@subparagraph=\count85
\c@figure=\count86
\c@table=\count87
\abovecaptionskip=\skip41
\belowcaptionskip=\skip42
\bibindent=\dimen102
)
No auxiliary output files.

\tabular@text=\toks14
\tabular@head=\toks15
\tabular@tail=\toks16
\@ta=\toks17
\undefined@token=\toks18
\sectionwidth=\dimen103
\sectionskip=\skip43
\resumewidth=\dimen104
\@columnwidth=\dimen105
\c@numberofcolumns=\count88
) (/usr/local/texlive/2018basic/texmf-dist/tex/latex/psnfss/helvet.sty
Package: helvet 2005/04/12 PSNFSS-v9.2a (WaS) 
 (/usr/local/texlive/2018basic/texmf-dist/tex/latex/graphics/keyval.sty
Package: keyval 2014/10/28 v1.15 key=value parser (DPC)
\KV@toks@=\toks19
))

LaTeX Warning: Unused global option(s):
    [10pt].

No file re.aux.
LaTeX Font Info:    Checking defaults for OML/cmm/m/it on input line 8.
LaTeX Font Info:    ... okay on input line 8.
LaTeX Font Info:    Checking defaults for T1/cmr/m/n on input line 8.
LaTeX Font Info:    ... okay on input line 8.
LaTeX Font Info:    Checking defaults for OT1/cmr/m/n on input line 8.
LaTeX Font Info:    ... okay on input line 8.
LaTeX Font Info:    Checking defaults for OMS/cmsy/m/n on input line 8.
LaTeX Font Info:    ... okay on input line 8.
LaTeX Font Info:    Checking defaults for OMX/cmex/m/n on input line 8.
LaTeX Font Info:    ... okay on input line 8.
LaTeX Font Info:    Checking defaults for U/cmr/m/n on input line 8.
LaTeX Font Info:    ... okay on input line 8.
LaTeX Font Info:    External font `cmex10' loaded for size
(Font)              <7> on input line 24.
LaTeX Font Info:    External font `cmex10' loaded for size
(Font)              <5> on input line 24.

Underfull \hbox (badness 10000) in paragraph at lines 60--70

 []


Overfull \hbox (8.8816pt too wide) in paragraph at lines 71--73
[]\OT1/cmr/bx/n/10 Bharati Vidyapeeth's Col-lege of Engineering,A-4 Block Paschim Vi-har,Delhi
 []


Underfull \hbox (badness 10000) in paragraph at lines 80--86

 []

[1

{/usr/local/texlive/2018basic/texmf-var/fonts/map/pdftex/updmap/pdftex.map}]
Underfull \hbox (badness 10000) in paragraph at lines 115--123

 []


Underfull \hbox (badness 10000) in paragraph at lines 130--132

 []


Underfull \hbox (badness 10000) in paragraph at lines 134--135

 []


Underfull \hbox (badness 10000) in paragraph at lines 136--139

 []

[2] ) 
Here is how much of TeX's memory you used:
 329 strings out of 494091
 3897 string characters out of 6163522
 61643 words of memory out of 5000000
 4077 multiletter control sequences out of 15000+600000
 4906 words of font info for 18 fonts, out of 8000000 for 9000
 319 hyphenation exceptions out of 8191
 29i,8n,21p,436b,149s stack positions out of 5000i,500n,10000p,200000b,80000s
</usr/local/texlive/2018basic/texmf-dist/fonts/type1/public/amsfonts/cm/cmbx10.pfb></usr/local/texlive/2018basic/texmf-dist/fonts/type1/public/amsfonts/cm/cmbx12.pfb></usr/local/texlive/2018basic/texmf-dist/fonts/type1/public/amsfonts/cm/cmr10.pfb></usr/local/texlive/2018basic/texmf-dist/fonts/type1/public/amsfonts/cm/cmsl10.pfb>
Output written on re.pdf (2 pages, 75823 bytes).
PDF statistics:
 27 PDF objects out of 1000 (max. 8388607)
 18 compressed objects within 1 object stream
 0 named destinations out of 1000 (max. 500000)
 1 words of extra memory for PDF output out of 10000 (max. 10000000)

